Copyright 1986-2017 Xilinx, Inc. All Rights Reserved.
------------------------------------------------------------------------------------
| Tool Version : Vivado v.2017.4 (win64) Build 2086221 Fri Dec 15 20:55:39 MST 2017
| Date         : Tue Dec 12 19:03:50 2023
| Host         : DESKTOP-L4AEQ4H running 64-bit major release  (build 9200)
| Command      : upgrade_ip
| Device       : xc7k325tffg676-2L
------------------------------------------------------------------------------------

Upgrade Log for IP 'multiplier'

1. Summary
----------

SUCCESS in the upgrade of multiplier (xilinx.com:ip:mult_gen:12.0) from (Rev. 14) to (Rev. 13)






Copyright 1986-2017 Xilinx, Inc. All Rights Reserved.
------------------------------------------------------------------------------------
| Tool Version : Vivado v.2017.4 (win64) Build 2086221 Fri Dec 15 20:55:39 MST 2017
| Date         : Tue Dec 12 19:03:50 2023
| Host         : DESKTOP-L4AEQ4H running 64-bit major release  (build 9200)
| Command      : upgrade_ip
| Device       : xc7k325tffg676-2L
------------------------------------------------------------------------------------

Upgrade Log for IP 'divider'

1. Summary
----------

SUCCESS in the upgrade of divider (xilinx.com:ip:div_gen:5.1) from (Rev. 13) to (Rev. 12)

