#-----------------------------------------------------------
# Vivado v2017.4 (64-bit)
# SW Build 2086221 on Fri Dec 15 20:55:39 MST 2017
# IP Build 2085800 on Fri Dec 15 22:25:07 MST 2017
# Start of session at: Fri Dec  8 19:06:51 2023
# Process ID: 2532
# Current directory: D:/Software/ZAllProject/vivadoproject/Exp6
# Command line: vivado.exe -gui_launcher_event rodinguilauncherevent3992 D:\Software\ZAllProject\vivadoproject\Exp6\Exp6.xpr
# Log file: D:/Software/ZAllProject/vivadoproject/Exp6/vivado.log
# Journal file: D:/Software/ZAllProject/vivadoproject/Exp6\vivado.jou
#-----------------------------------------------------------
start_gui
open_project D:/Software/ZAllProject/vivadoproject/Exp6/Exp6.xpr
INFO: [Project 1-313] Project file moved from 'C:/Users/Zonghui Wang/Desktop/risc v/Code4Stu/Exp6' since last save.
Scanning sources...
Finished scanning sources
CRITICAL WARNING: [Project 1-192] Failed to load run synth_1. Strategy Vivado Synthesis Defaults (Vivado Synthesis 2018) not recognized by Vivado. 

CRITICAL WARNING: [Project 1-192] Failed to load run divider_synth_1. Strategy Vivado Synthesis Defaults (Vivado Synthesis 2018) not recognized by Vivado. 

CRITICAL WARNING: [Project 1-192] Failed to load run impl_1. Strategy Vivado Implementation Defaults (Vivado Implementation 2018) not recognized by Vivado. 

CRITICAL WARNING: [Project 1-192] Failed to load run divider_impl_1. Strategy Vivado Implementation Defaults (Vivado Implementation 2018) not recognized by Vivado. 

CRITICAL WARNING: [Project 1-505] Unrecognized Option Name MEMEnableMemoryMapGeneration
INFO: [IP_Flow 19-234] Refreshing IP repositories
INFO: [IP_Flow 19-1704] No user IP repositories specified
INFO: [IP_Flow 19-2313] Loaded Vivado IP repository 'D:/Software/vivado2017/Vivado/2017.4/data/ip'.
WARNING: [IP_Flow 19-2162] IP 'multiplier' is locked:
* IP definition 'Multiplier (12.0)' for IP 'multiplier' (customized with software release 2018.2) has a different revision in the IP Catalog.
Please select 'Report IP Status' from the 'Tools/Report' menu or run Tcl command 'report_ip_status' for more information.
WARNING: [IP_Flow 19-2162] IP 'divider' is locked:
* IP definition 'Divider Generator (5.1)' for IP 'divider' (customized with software release 2018.2) has a different revision in the IP Catalog.
Please select 'Report IP Status' from the 'Tools/Report' menu or run Tcl command 'report_ip_status' for more information.
update_compile_order -fileset sources_1
exit
INFO: [Common 17-206] Exiting Vivado at Fri Dec  8 20:35:19 2023...
